=~=~=~=~=~=~=~=~=~=~=~= PuTTY log 2023.04.13 12:21:12 =~=~=~=~=~=~=~=~=~=~=~=
테스트 시작
287
288
289
290
292
293
294
295
297
298
테스트 시작
301
301
301
301
300
300
299
298
298
296
테스트 시작
293
292
291
290
290
289
289
289
290
290
테스트 시작
293
294
296
297
298
299
300
301
302
302
테스트 시작
300
301
302
302
303
303
303
302
302
301
테스트 시작
299
298
297
296
295
293
293
292
292
292
테스트 시작
292
293
294
295
296
297
298
299
301
302
테스트 시작
301
301
301
301
301
300
299
299
298
297
테스트 시작
295
293
292
291
291
290
290
290
290
290
테스트 시작
291
292
294
295
296
297
298
299
300
301
테스트 시작
298
299
298
297
296
295
294
292
291
290
테스트 시작
294
293
293
292
292
292
293
293
294
295
테스트 시작
298
299
300
301
302
302
303
303
303
303
테스트 시작
302
301
300
299
298
296
295
294
293
292
테스트 시작
294
294
294
295
296
296
298
299
300
302
테스트 시작
303
304
304
304
304
304
304
303
303
302
테스트 끝
테스트 끝
테스트 끝
테스트 끝
테스트 끝
테스트 시작
278
277
277
276
275
275
275
274
273
274
테스트 시작
278
279
280
281
282
284
285
286
287
288
테스트 시작
288
288
288
287
286
285
284
283
282
281
테스트 시작
279
278
277
277
277
277
277
277
278
279
테스트 끝
테스트 끝
테스트 시작
289
290
292
293
294
295
295
295
295
295
테스트 시작
294
294
293
291
290
289
288
287
286
286
테스트 시작
282
282
282
283
283
285
286
287
288
289
테스트 시작
293
294
295
295
295
294
294
293
293
292
